2022-08-16 17:10:34.484 CEST [1435341] FATAL:  lock file "postmaster.pid" already exists
2022-08-16 17:10:34.484 CEST [1435341] HINT:  Is another postmaster (PID 1432428) running in data directory "/home/midas/Code/PeacePartner/postgres.db"?
2022-08-16 17:11:36.717 CEST [1432428] LOG:  received smart shutdown request
2022-08-16 17:11:36.721 CEST [1432428] LOG:  background worker "logical replication launcher" (PID 1432438) exited with exit code 1
2022-08-16 17:11:36.725 CEST [1432433] LOG:  shutting down
2022-08-16 17:11:36.744 CEST [1432428] LOG:  database system is shut down
2022-08-16 17:11:43.365 CEST [1444312] LOG:  starting PostgreSQL 14.3 on x86_64-pc-linux-gnu, compiled by gcc (GCC) 12.1.0, 64-bit
2022-08-16 17:11:43.366 CEST [1444312] LOG:  listening on IPv6 address "::1", port 5432
2022-08-16 17:11:43.366 CEST [1444312] LOG:  listening on IPv4 address "127.0.0.1", port 5432
2022-08-16 17:11:43.368 CEST [1444312] LOG:  listening on Unix socket "/run/postgresql/.s.PGSQL.5432"
2022-08-16 17:11:43.372 CEST [1444315] LOG:  database system was shut down at 2022-08-16 17:11:36 CEST
2022-08-16 17:11:43.376 CEST [1444312] LOG:  database system is ready to accept connections
2022-08-16 17:25:19.894 CEST [1546096] ERROR:  relation "users" already exists
2022-08-16 17:25:19.894 CEST [1546096] STATEMENT:  CREATE TABLE users (
	    id numeric not null unique primary key ,
	    username varchar(256) not null ,
	    passhash varchar(256) not null ,
	    passsalt varchar(128) not null
	)
2022-08-16 20:54:11.884 CEST [3124383] ERROR:  bind message supplies 1 parameters, but prepared statement "" requires 0
2022-08-16 20:54:11.884 CEST [3124383] STATEMENT:  SELECT * FROM users;
2022-08-16 21:15:08.072 CEST [3283427] ERROR:  operator does not exist: character varying == unknown at character 53
2022-08-16 21:15:08.072 CEST [3283427] HINT:  No operator matches the given name and argument types. You might need to add explicit type casts.
2022-08-16 21:15:08.072 CEST [3283427] STATEMENT:  SELECT passhash, passsalt FROM users WHERE username == $1;
2022-08-16 21:16:27.387 CEST [3293520] ERROR:  operator does not exist: character varying == unknown at character 53
2022-08-16 21:16:27.387 CEST [3293520] HINT:  No operator matches the given name and argument types. You might need to add explicit type casts.
2022-08-16 21:16:27.387 CEST [3293520] STATEMENT:  SELECT passhash, passsalt FROM users WHERE username == $1;
2022-08-16 21:16:42.087 CEST [3295403] ERROR:  operator does not exist: character varying == unknown at character 53
2022-08-16 21:16:42.087 CEST [3295403] HINT:  No operator matches the given name and argument types. You might need to add explicit type casts.
2022-08-16 21:16:42.087 CEST [3295403] STATEMENT:  SELECT passhash, passsalt FROM users WHERE username == $1;
2022-08-16 21:19:31.147 CEST [3317495] ERROR:  operator does not exist: character varying == unknown at character 53
2022-08-16 21:19:31.147 CEST [3317495] HINT:  No operator matches the given name and argument types. You might need to add explicit type casts.
2022-08-16 21:19:31.147 CEST [3317495] STATEMENT:  SELECT passhash, passsalt FROM users WHERE username == $1;
